2025-12-08 17:29:10,734 - INFO - 
2025-12-08 17:29:10,735 - INFO - ----IDEALib.py Loaded----
2025-12-08 17:30:25,060 - INFO - idea2py: Function Called
2025-12-08 17:30:25,060 - INFO - idea_client: Function Called
2025-12-08 17:30:33,996 - ERROR - An error occurred while opening the ./final_result.imd database.
2025-12-08 17:30:59,612 - INFO - 
2025-12-08 17:30:59,613 - INFO - ----IDEALib.py Loaded----
2025-12-08 17:32:37,126 - INFO - 
2025-12-08 17:32:37,127 - INFO - ----IDEALib.py Loaded----
2025-12-08 17:34:17,282 - INFO - 
2025-12-08 17:34:17,283 - INFO - ----IDEALib.py Loaded----
2025-12-08 17:35:34,912 - INFO - py2idea: Function Called
2025-12-08 17:35:34,913 - INFO - idea_client: Function Called
2025-12-08 17:35:38,791 - INFO - py2idea: Parameters verified
2025-12-08 17:35:38,797 - INFO - py2idea: Dataframe values cleaned for export.
2025-12-08 17:35:38,843 - INFO - IDEALanguage: Function Called
2025-12-08 17:35:38,845 - INFO - IDEALanguage: Successful
2025-12-08 17:35:39,564 - ERROR - py2idea: IDEA database C:\Users\amirl\OneDrive\Documents\My IDEA Documents\IDEA Projects\Samples\RestrictedAccounts.imd could not be created.
2025-12-08 17:35:39,564 - ERROR - Issue: (-2147352567, 'Exception occurred.', (0, 'Idea.IdeaRDF.1', 'The field name provided is invalid. Field names may contain only letters, numbers and underscores and the first character must be a letter.', None, 0, -2147211938), None)
2025-12-08 17:37:08,327 - INFO - 
2025-12-08 17:37:08,329 - INFO - ----IDEALib.py Loaded----
2025-12-08 17:38:25,746 - INFO - py2idea: Function Called
2025-12-08 17:38:25,746 - INFO - idea_client: Function Called
2025-12-08 17:38:29,516 - INFO - py2idea: Parameters verified
2025-12-08 17:38:29,517 - INFO - py2idea: Dataframe values cleaned for export.
2025-12-08 17:38:29,562 - INFO - IDEALanguage: Function Called
2025-12-08 17:38:29,563 - INFO - IDEALanguage: Successful
2025-12-08 17:38:36,982 - ERROR - py2idea: IDEA database C:\Users\amirl\OneDrive\Documents\My IDEA Documents\IDEA Projects\Samples\RestrictedAccounts.imd could not be created.
2025-12-08 17:38:36,984 - ERROR - Issue: (-2147352567, 'Exception occurred.', (0, 'Idea.IdeaClient.1', "Invalid database or the database hasn't been specified yet.", None, 0, -2147212410), None)
2025-12-08 17:39:40,903 - INFO - 
2025-12-08 17:39:40,904 - INFO - ----IDEALib.py Loaded----
2025-12-08 17:41:03,831 - INFO - py2idea: Function Called
2025-12-08 17:41:03,831 - INFO - idea_client: Function Called
2025-12-08 17:41:04,600 - ERROR - IDEA database C:\Users\amirl\OneDrive\Documents\My IDEA Documents\IDEA Projects\Samples\RestrictedAccounts.imd already exists
2025-12-08 17:50:15,153 - INFO - 
2025-12-08 17:50:15,154 - INFO - ----IDEALib.py Loaded----
2025-12-08 17:53:51,010 - INFO - 
2025-12-08 17:53:51,010 - INFO - ----IDEALib.py Loaded----
2025-12-08 17:56:07,896 - INFO - py2idea: Function Called
2025-12-08 17:56:07,897 - INFO - idea_client: Function Called
2025-12-08 17:56:08,467 - INFO - py2idea: Parameters verified
2025-12-08 17:56:08,471 - INFO - py2idea: Dataframe values cleaned for export.
2025-12-08 17:56:08,503 - INFO - IDEALanguage: Function Called
2025-12-08 17:56:08,505 - INFO - IDEALanguage: Successful
2025-12-08 17:56:12,658 - INFO - py2idea: CSV imported into IDEA.
2025-12-08 17:56:12,661 - INFO - py2idea: Successful
2025-12-08 18:05:41,794 - INFO - 
2025-12-08 18:05:41,794 - INFO - ----IDEALib.py Loaded----
2025-12-08 18:10:44,174 - INFO - 
2025-12-08 18:10:44,174 - INFO - ----IDEALib.py Loaded----
2025-12-08 18:14:19,281 - INFO - 
2025-12-08 18:14:19,282 - INFO - ----IDEALib.py Loaded----
2025-12-08 18:14:19,286 - INFO - RefreshFileExplorer: Function Called
2025-12-08 18:14:19,288 - INFO - idea_client: Function Called
2025-12-08 18:14:20,180 - INFO - RefreshFileExplorer: Successful
2025-12-08 18:15:12,853 - INFO - 
2025-12-08 18:15:12,854 - INFO - ----IDEALib.py Loaded----
2025-12-08 18:15:39,985 - INFO - py2idea: Function Called
2025-12-08 18:15:39,985 - INFO - idea_client: Function Called
2025-12-08 18:15:40,038 - ERROR - IDEA database C:\Users\amirl\OneDrive\Documents\My IDEA Documents\IDEA Projects\Samples\RestrictedAccounts_2025_12_08.imd already exists
2025-12-08 18:15:40,040 - INFO - RefreshFileExplorer: Function Called
2025-12-08 18:15:40,040 - INFO - idea_client: Function Called
2025-12-08 18:15:40,167 - INFO - RefreshFileExplorer: Successful
2025-12-08 18:16:16,687 - INFO - 
2025-12-08 18:16:16,688 - INFO - ----IDEALib.py Loaded----
2025-12-08 18:16:48,116 - INFO - py2idea: Function Called
2025-12-08 18:16:48,116 - INFO - idea_client: Function Called
2025-12-08 18:16:48,500 - INFO - py2idea: Parameters verified
2025-12-08 18:16:48,504 - INFO - py2idea: Dataframe values cleaned for export.
2025-12-08 18:16:48,527 - INFO - IDEALanguage: Function Called
2025-12-08 18:16:48,528 - INFO - IDEALanguage: Successful
2025-12-08 18:16:52,595 - INFO - py2idea: CSV imported into IDEA.
2025-12-08 18:16:52,596 - INFO - py2idea: Successful
2025-12-08 18:16:52,634 - INFO - RefreshFileExplorer: Function Called
2025-12-08 18:16:52,634 - INFO - idea_client: Function Called
2025-12-08 18:16:52,792 - INFO - RefreshFileExplorer: Successful
2025-12-08 18:20:54,073 - INFO - 
2025-12-08 18:20:54,073 - INFO - ----IDEALib.py Loaded----
2025-12-08 18:24:25,686 - INFO - 
2025-12-08 18:24:25,687 - INFO - ----IDEALib.py Loaded----
2025-12-08 18:26:43,540 - INFO - 
2025-12-08 18:26:43,541 - INFO - ----IDEALib.py Loaded----
2025-12-08 18:28:03,680 - INFO - py2idea: Function Called
2025-12-08 18:28:03,680 - INFO - idea_client: Function Called
2025-12-08 18:28:04,271 - ERROR - IDEA database C:\Users\amirl\OneDrive\Documents\My IDEA Documents\IDEA Projects\Samples\RestrictedAccounts_2025_12_08.imd already exists
2025-12-08 18:28:04,271 - INFO - RefreshFileExplorer: Function Called
2025-12-08 18:28:04,271 - INFO - idea_client: Function Called
2025-12-08 18:28:04,706 - INFO - RefreshFileExplorer: Successful
2025-12-08 18:28:32,263 - INFO - 
2025-12-08 18:28:32,264 - INFO - ----IDEALib.py Loaded----
2025-12-08 18:29:01,533 - INFO - py2idea: Function Called
2025-12-08 18:29:01,533 - INFO - idea_client: Function Called
2025-12-08 18:29:01,641 - INFO - py2idea: Parameters verified
2025-12-08 18:29:01,643 - INFO - py2idea: Dataframe values cleaned for export.
2025-12-08 18:29:01,671 - INFO - IDEALanguage: Function Called
2025-12-08 18:29:01,672 - INFO - IDEALanguage: Successful
2025-12-08 18:29:05,918 - INFO - py2idea: CSV imported into IDEA.
2025-12-08 18:29:05,925 - INFO - py2idea: Successful
2025-12-08 18:29:05,936 - INFO - RefreshFileExplorer: Function Called
2025-12-08 18:29:05,936 - INFO - idea_client: Function Called
2025-12-08 18:29:06,124 - INFO - RefreshFileExplorer: Successful
2025-12-08 18:33:04,400 - INFO - 
2025-12-08 18:33:04,401 - INFO - ----IDEALib.py Loaded----
2025-12-08 18:37:01,618 - INFO - 
2025-12-08 18:37:01,620 - INFO - ----IDEALib.py Loaded----
2025-12-08 18:38:32,199 - INFO - 
2025-12-08 18:38:32,200 - INFO - ----IDEALib.py Loaded----
2025-12-08 18:39:15,342 - INFO - py2idea: Function Called
2025-12-08 18:39:15,342 - INFO - idea_client: Function Called
2025-12-08 18:39:15,888 - ERROR - IDEA database C:\Users\amirl\OneDrive\Documents\My IDEA Documents\IDEA Projects\Samples\RestrictedAccounts_2025_12_08.imd already exists
2025-12-08 18:39:15,888 - INFO - RefreshFileExplorer: Function Called
2025-12-08 18:39:15,888 - INFO - idea_client: Function Called
2025-12-08 18:39:16,234 - INFO - RefreshFileExplorer: Successful
2025-12-08 18:41:28,874 - INFO - 
2025-12-08 18:41:28,875 - INFO - ----IDEALib.py Loaded----
2025-12-08 18:41:59,785 - INFO - py2idea: Function Called
2025-12-08 18:41:59,786 - INFO - idea_client: Function Called
2025-12-08 18:42:00,326 - ERROR - IDEA database C:\Users\amirl\OneDrive\Documents\My IDEA Documents\IDEA Projects\Samples\RestrictedAccounts_2025_12_08.imd already exists
2025-12-08 18:42:00,326 - INFO - RefreshFileExplorer: Function Called
2025-12-08 18:42:00,327 - INFO - idea_client: Function Called
2025-12-08 18:42:00,746 - INFO - RefreshFileExplorer: Successful
